<?xml version="1.0" encoding="UTF-8"?>
<testng-results ignored="0" total="0" passed="0" failed="0" skipped="0">
  <reporter-output>
  </reporter-output>
  <suite started-at="2019-11-27T19:25:46 MSK" name="Yandex tests" finished-at="2019-11-27T19:25:46 MSK" duration-ms="7">
    <groups>
    </groups>
    <test started-at="2019-11-27T19:25:46 MSK" name="yandex-all" finished-at="2019-11-27T19:25:46 MSK" duration-ms="7">
    </test> <!-- yandex-all -->
  </suite> <!-- Yandex tests -->
</testng-results>
